make all --dry-run --always-make --keep-going --print-directory
make: Entering directory '/home/pi/libsensehat-cpp'
g++ -Wall -Wextra -Wduplicated-cond -Wduplicated-branches -Wsign-conversion -Wlogical-op -Wuseless-cast -Werror -pedantic -std=gnu++2a -c -fPIC -o src/sensehat.o src/sensehat.cpp -lpng
g++ -Wall -Wextra -Wduplicated-cond -Wduplicated-branches -Wsign-conversion -Wlogical-op -Wuseless-cast -Werror -pedantic -std=gnu++2a -g -shared -Wl,-soname,libsensehat-c++.so -o lib/libsensehat-c++.so.0 src/sensehat.o
sudo cp include/sensehat.h /usr/local/include/
sudo cp include/LSM9DS1_Registers.h /usr/local/include/
sudo cp include/HTS221_Registers.h /usr/local/include/
sudo cp include/LSM9DS1_Types.h /usr/local/include/
sudo cp include/LPS25H_Registers.h /usr/local/include/
sudo cp src/sense_hat_text.txt src/sense_hat_text.png /usr/local/lib
sudo cp src/sense_hat_text.txt src/sense_hat_text.png /usr/local/lib
sudo cp lib/libsensehat-c++.so.0 /usr/local/lib/libsensehat-c++.so.0
sudo sh -c "cd /usr/local/lib && ln -sf libsensehat-c++.so.0 libsensehat-c++.so"
sudo ldconfig
cd examples && make
make[1]: Entering directory '/home/pi/libsensehat-cpp/examples'
g++ -Wall -Wextra -Wduplicated-cond -Wduplicated-branches -Wsign-conversion -Wlogical-op -Wuseless-cast -Werror -pedantic -std=gnu++2a -o 02_setRGBpixelsRainbow.o 02_setRGBpixelsRainbow.cpp -lsensehat-c++ -lpng -li2c -lm -lRTIMULib -lgpiod
g++ -Wall -Wextra -Wduplicated-cond -Wduplicated-branches -Wsign-conversion -Wlogical-op -Wuseless-cast -Werror -pedantic -std=gnu++2a -o 02_setRGB565pixelsQuestionMark.o 02_setRGB565pixelsQuestionMark.cpp -lsensehat-c++ -lpng -li2c -lm -lRTIMULib -lgpiod
g++ -Wall -Wextra -Wduplicated-cond -Wduplicated-branches -Wsign-conversion -Wlogical-op -Wuseless-cast -Werror -pedantic -std=gnu++2a -o 01_getRGBpixel.o 01_getRGBpixel.cpp -lsensehat-c++ -lpng -li2c -lm -lRTIMULib -lgpiod
g++ -Wall -Wextra -Wduplicated-cond -Wduplicated-branches -Wsign-conversion -Wlogical-op -Wuseless-cast -Werror -pedantic -std=gnu++2a -o 07_printJoystickActions.o 07_printJoystickActions.cpp -lsensehat-c++ -lpng -li2c -lm -lRTIMULib -lgpiod
g++ -Wall -Wextra -Wduplicated-cond -Wduplicated-branches -Wsign-conversion -Wlogical-op -Wuseless-cast -Werror -pedantic -std=gnu++2a -o 06_getIMUOrientation_LSM9DS1.o 06_getIMUOrientation_LSM9DS1.cpp -lsensehat-c++ -lpng -li2c -lm -lRTIMULib -lgpiod
g++ -Wall -Wextra -Wduplicated-cond -Wduplicated-branches -Wsign-conversion -Wlogical-op -Wuseless-cast -Werror -pedantic -std=gnu++2a -o 06_setPixelToNorth.o 06_setPixelToNorth.cpp -lsensehat-c++ -lpng -li2c -lm -lRTIMULib -lgpiod
g++ -Wall -Wextra -Wduplicated-cond -Wduplicated-branches -Wsign-conversion -Wlogical-op -Wuseless-cast -Werror -pedantic -std=gnu++2a -o 01_setRGBpixel.o 01_setRGBpixel.cpp -lsensehat-c++ -lpng -li2c -lm -lRTIMULib -lgpiod
g++ -Wall -Wextra -Wduplicated-cond -Wduplicated-branches -Wsign-conversion -Wlogical-op -Wuseless-cast -Werror -pedantic -std=gnu++2a -o 02_setRGBClear.o 02_setRGBClear.cpp -lsensehat-c++ -lpng -li2c -lm -lRTIMULib -lgpiod
g++ -Wall -Wextra -Wduplicated-cond -Wduplicated-branches -Wsign-conversion -Wlogical-op -Wuseless-cast -Werror -pedantic -std=gnu++2a -o 06_getIMUAccel_LSM9DS1.o 06_getIMUAccel_LSM9DS1.cpp -lsensehat-c++ -lpng -li2c -lm -lRTIMULib -lgpiod
g++ -Wall -Wextra -Wduplicated-cond -Wduplicated-branches -Wsign-conversion -Wlogical-op -Wuseless-cast -Werror -pedantic -std=gnu++2a -o 09_pwmLED.o 09_pwmLED.cpp -lsensehat-c++ -lpng -li2c -lm -lRTIMULib -lgpiod
g++ -Wall -Wextra -Wduplicated-cond -Wduplicated-branches -Wsign-conversion -Wlogical-op -Wuseless-cast -Werror -pedantic -std=gnu++2a -o 07_blocking_WaitForJoystick.o 07_blocking_WaitForJoystick.cpp -lsensehat-c++ -lpng -li2c -lm -lRTIMULib -lgpiod
g++ -Wall -Wextra -Wduplicated-cond -Wduplicated-branches -Wsign-conversion -Wlogical-op -Wuseless-cast -Werror -pedantic -std=gnu++2a -o 08_gpioInput.o 08_gpioInput.cpp -lsensehat-c++ -lpng -li2c -lm -lRTIMULib -lgpiod
g++ -Wall -Wextra -Wduplicated-cond -Wduplicated-branches -Wsign-conversion -Wlogical-op -Wuseless-cast -Werror -pedantic -std=gnu++2a -o 08_gpioOutputBlink.o 08_gpioOutputBlink.cpp -lsensehat-c++ -lpng -li2c -lm -lRTIMULib -lgpiod
g++ -Wall -Wextra -Wduplicated-cond -Wduplicated-branches -Wsign-conversion -Wlogical-op -Wuseless-cast -Werror -pedantic -std=gnu++2a -o 07_non_blocking_GetJoystickEvent.o 07_non_blocking_GetJoystickEvent.cpp -lsensehat-c++ -lpng -li2c -lm -lRTIMULib -lgpiod
g++ -Wall -Wextra -Wduplicated-cond -Wduplicated-branches -Wsign-conversion -Wlogical-op -Wuseless-cast -Werror -pedantic -std=gnu++2a -o 04_showMessage.o 04_showMessage.cpp -lsensehat-c++ -lpng -li2c -lm -lRTIMULib -lgpiod
g++ -Wall -Wextra -Wduplicated-cond -Wduplicated-branches -Wsign-conversion -Wlogical-op -Wuseless-cast -Werror -pedantic -std=gnu++2a -o 04_showLetter.o 04_showLetter.cpp -lsensehat-c++ -lpng -li2c -lm -lRTIMULib -lgpiod
g++ -Wall -Wextra -Wduplicated-cond -Wduplicated-branches -Wsign-conversion -Wlogical-op -Wuseless-cast -Werror -pedantic -std=gnu++2a -o 02_setRGB565LowLight.o 02_setRGB565LowLight.cpp -lsensehat-c++ -lpng -li2c -lm -lRTIMULib -lgpiod
g++ -Wall -Wextra -Wduplicated-cond -Wduplicated-branches -Wsign-conversion -Wlogical-op -Wuseless-cast -Werror -pedantic -std=gnu++2a -o 02_setRGBpixelsQuestionMark.o 02_setRGBpixelsQuestionMark.cpp -lsensehat-c++ -lpng -li2c -lm -lRTIMULib -lgpiod
g++ -Wall -Wextra -Wduplicated-cond -Wduplicated-branches -Wsign-conversion -Wlogical-op -Wuseless-cast -Werror -pedantic -std=gnu++2a -o 03_flip_H_and_V.o 03_flip_H_and_V.cpp -lsensehat-c++ -lpng -li2c -lm -lRTIMULib -lgpiod
g++ -Wall -Wextra -Wduplicated-cond -Wduplicated-branches -Wsign-conversion -Wlogical-op -Wuseless-cast -Werror -pedantic -std=gnu++2a -o 05_getTempHumid_HTS221.o 05_getTempHumid_HTS221.cpp -lsensehat-c++ -lpng -li2c -lm -lRTIMULib -lgpiod
g++ -Wall -Wextra -Wduplicated-cond -Wduplicated-branches -Wsign-conversion -Wlogical-op -Wuseless-cast -Werror -pedantic -std=gnu++2a -o 01_getRGB565pixel.o 01_getRGB565pixel.cpp -lsensehat-c++ -lpng -li2c -lm -lRTIMULib -lgpiod
g++ -Wall -Wextra -Wduplicated-cond -Wduplicated-branches -Wsign-conversion -Wlogical-op -Wuseless-cast -Werror -pedantic -std=gnu++2a -o 06_getIMUGyro_LSM9DS1.o 06_getIMUGyro_LSM9DS1.cpp -lsensehat-c++ -lpng -li2c -lm -lRTIMULib -lgpiod
g++ -Wall -Wextra -Wduplicated-cond -Wduplicated-branches -Wsign-conversion -Wlogical-op -Wuseless-cast -Werror -pedantic -std=gnu++2a -o 01_setRGB565pixel.o 01_setRGB565pixel.cpp -lsensehat-c++ -lpng -li2c -lm -lRTIMULib -lgpiod
g++ -Wall -Wextra -Wduplicated-cond -Wduplicated-branches -Wsign-conversion -Wlogical-op -Wuseless-cast -Werror -pedantic -std=gnu++2a -o 05_getTempPress_LPS25H.o 05_getTempPress_LPS25H.cpp -lsensehat-c++ -lpng -li2c -lm -lRTIMULib -lgpiod
g++ -Wall -Wextra -Wduplicated-cond -Wduplicated-branches -Wsign-conversion -Wlogical-op -Wuseless-cast -Werror -pedantic -std=gnu++2a -o 03_rotate.o 03_rotate.cpp -lsensehat-c++ -lpng -li2c -lm -lRTIMULib -lgpiod
g++ -Wall -Wextra -Wduplicated-cond -Wduplicated-branches -Wsign-conversion -Wlogical-op -Wuseless-cast -Werror -pedantic -std=gnu++2a -o 02_setRGBLowLight.o 02_setRGBLowLight.cpp -lsensehat-c++ -lpng -li2c -lm -lRTIMULib -lgpiod
make[1]: Leaving directory '/home/pi/libsensehat-cpp/examples'
make: Leaving directory '/home/pi/libsensehat-cpp'
 
